-------------------------------------------------------------------------------
Test set: com.osals.enwrap.admin.dao.EnwrapDaoTest
-------------------------------------------------------------------------------
Tests run: 1, Failures: 0, Errors: 1, Skipped: 0, Time elapsed: 1.635 s <<< FAILURE! - in com.osals.enwrap.admin.dao.EnwrapDaoTest
testFindAll(com.osals.enwrap.admin.dao.EnwrapDaoTest)  Time elapsed: 0 s  <<< ERROR!
java.lang.IllegalStateException: Failed to load ApplicationContext
Caused by: org.springframework.beans.factory.BeanCreationException: Error creating bean with name 'customerDao': Invocation of init method failed; nested exception is java.lang.IllegalArgumentException: Failed to create query for method public abstract java.util.List com.osals.base.dao.GenericTreeDao.getRoot()! No property getRoot found for type Customer!
Caused by: java.lang.IllegalArgumentException: Failed to create query for method public abstract java.util.List com.osals.base.dao.GenericTreeDao.getRoot()! No property getRoot found for type Customer!
Caused by: org.springframework.data.mapping.PropertyReferenceException: No property getRoot found for type Customer!

