-------------------------------------------------------------------------------
Test set: edu.zut.cs.OSALS.admin.dao.ShopDaoTest
-------------------------------------------------------------------------------
Tests run: 5, Failures: 0, Errors: 5, Skipped: 0, Time elapsed: 7.906 s <<< FAILURE! - in edu.zut.cs.OSALS.admin.dao.ShopDaoTest
Update(edu.zut.cs.OSALS.admin.dao.ShopDaoTest)  Time elapsed: 0 s  <<< ERROR!
java.lang.IllegalStateException: Failed to load ApplicationContext
Caused by: org.springframework.beans.factory.BeanCreationException: Error creating bean with name 'shopDao': Invocation of init method failed; nested exception is java.lang.NoClassDefFoundError: org/hibernate/query/Query
Caused by: java.lang.NoClassDefFoundError: org/hibernate/query/Query

testGetRoot(edu.zut.cs.OSALS.admin.dao.ShopDaoTest)  Time elapsed: 0 s  <<< ERROR!
java.lang.IllegalStateException: Failed to load ApplicationContext
Caused by: org.springframework.beans.factory.BeanCreationException: Error creating bean with name 'shopDao': Invocation of init method failed; nested exception is java.lang.NoClassDefFoundError: org/hibernate/query/Query
Caused by: java.lang.NoClassDefFoundError: org/hibernate/query/Query

Find(edu.zut.cs.OSALS.admin.dao.ShopDaoTest)  Time elapsed: 0 s  <<< ERROR!
java.lang.IllegalStateException: Failed to load ApplicationContext
Caused by: org.springframework.beans.factory.BeanCreationException: Error creating bean with name 'shopDao': Invocation of init method failed; nested exception is java.lang.NoClassDefFoundError: org/hibernate/query/Query
Caused by: java.lang.NoClassDefFoundError: org/hibernate/query/Query

Save(edu.zut.cs.OSALS.admin.dao.ShopDaoTest)  Time elapsed: 0 s  <<< ERROR!
java.lang.IllegalStateException: Failed to load ApplicationContext
Caused by: org.springframework.beans.factory.BeanCreationException: Error creating bean with name 'shopDao': Invocation of init method failed; nested exception is java.lang.NoClassDefFoundError: org/hibernate/query/Query
Caused by: java.lang.NoClassDefFoundError: org/hibernate/query/Query

Delete(edu.zut.cs.OSALS.admin.dao.ShopDaoTest)  Time elapsed: 0 s  <<< ERROR!
java.lang.IllegalStateException: Failed to load ApplicationContext
Caused by: org.springframework.beans.factory.BeanCreationException: Error creating bean with name 'shopDao': Invocation of init method failed; nested exception is java.lang.NoClassDefFoundError: org/hibernate/query/Query
Caused by: java.lang.NoClassDefFoundError: org/hibernate/query/Query

