-------------------------------------------------------------------------------
Test set: edu.zut.cs.OSALS.admin.dao.GoodsDaoTest
-------------------------------------------------------------------------------
Tests run: 2, Failures: 0, Errors: 2, Skipped: 0, Time elapsed: 8.745 s <<< FAILURE! - in edu.zut.cs.OSALS.admin.dao.GoodsDaoTest
testGoodsDao(edu.zut.cs.OSALS.admin.dao.GoodsDaoTest)  Time elapsed: 0.001 s  <<< ERROR!
java.lang.IllegalStateException: Failed to load ApplicationContext
Caused by: org.springframework.beans.factory.BeanCreationException: Error creating bean with name 'shopDao': Invocation of init method failed; nested exception is java.lang.NoClassDefFoundError: org/hibernate/query/Query
Caused by: java.lang.NoClassDefFoundError: org/hibernate/query/Query
Caused by: java.lang.ClassNotFoundException: org.hibernate.query.Query

test(edu.zut.cs.OSALS.admin.dao.GoodsDaoTest)  Time elapsed: 0 s  <<< ERROR!
java.lang.IllegalStateException: Failed to load ApplicationContext
Caused by: org.springframework.beans.factory.BeanCreationException: Error creating bean with name 'shopDao': Invocation of init method failed; nested exception is java.lang.NoClassDefFoundError: org/hibernate/query/Query
Caused by: java.lang.NoClassDefFoundError: org/hibernate/query/Query

