-------------------------------------------------------------------------------
Test set: edu.zut.cs.software.OSALS.student.dao.StudentDaoTest
-------------------------------------------------------------------------------
Tests run: 1, Failures: 0, Errors: 1, Skipped: 0, Time elapsed: 0.004 s <<< FAILURE! - in edu.zut.cs.software.OSALS.student.dao.StudentDaoTest
test(edu.zut.cs.software.OSALS.student.dao.StudentDaoTest)  Time elapsed: 0 s  <<< ERROR!
java.lang.NullPointerException
	at edu.zut.cs.software.OSALS.student.dao.StudentDaoTest.test(StudentDaoTest.java:60)

